<?xml version="1.0" encoding="UTF-8"?>
<testng-results skipped="0" failed="0" ignored="0" total="10" passed="10">
  <reporter-output>
  </reporter-output>
  <suite name="Default suite" duration-ms="105860" started-at="2020-06-29T06:59:14Z" finished-at="2020-06-29T07:01:00Z">
    <groups>
    </groups>
    <test name="Default test" duration-ms="105860" started-at="2020-06-29T06:59:14Z" finished-at="2020-06-29T07:01:00Z">
      <class name="R_tests.R_HomePageTest">
        <test-method status="PASS" signature="SetUp()[pri:0, instance:R_tests.R_HomePageTest@3327bd23]" name="SetUp" is-config="true" duration-ms="5361" started-at="2020-06-29T06:59:14Z" finished-at="2020-06-29T06:59:20Z">
          <reporter-output>
          </reporter-output>
        </test-method> <!-- SetUp -->
        <test-method status="PASS" signature="FooterFbTest()[pri:0, instance:R_tests.R_HomePageTest@3327bd23]" name="FooterFbTest" duration-ms="6124" started-at="2020-06-29T06:59:20Z" finished-at="2020-06-29T06:59:26Z">
          <reporter-output>
          </reporter-output>
        </test-method> <!-- FooterFbTest -->
        <test-method status="PASS" signature="tearDown()[pri:0, instance:R_tests.R_HomePageTest@3327bd23]" name="tearDown" is-config="true" duration-ms="447" started-at="2020-06-29T06:59:26Z" finished-at="2020-06-29T06:59:26Z">
          <reporter-output>
          </reporter-output>
        </test-method> <!-- tearDown -->
        <test-method status="PASS" signature="SetUp()[pri:0, instance:R_tests.R_HomePageTest@3327bd23]" name="SetUp" is-config="true" duration-ms="4108" started-at="2020-06-29T06:59:26Z" finished-at="2020-06-29T06:59:31Z">
          <reporter-output>
          </reporter-output>
        </test-method> <!-- SetUp -->
        <test-method status="PASS" signature="FooterInTest()[pri:0, instance:R_tests.R_HomePageTest@3327bd23]" name="FooterInTest" duration-ms="6090" started-at="2020-06-29T06:59:31Z" finished-at="2020-06-29T06:59:37Z">
          <reporter-output>
          </reporter-output>
        </test-method> <!-- FooterInTest -->
        <test-method status="PASS" signature="tearDown()[pri:0, instance:R_tests.R_HomePageTest@3327bd23]" name="tearDown" is-config="true" duration-ms="290" started-at="2020-06-29T06:59:37Z" finished-at="2020-06-29T06:59:37Z">
          <reporter-output>
          </reporter-output>
        </test-method> <!-- tearDown -->
        <test-method status="PASS" signature="SetUp()[pri:0, instance:R_tests.R_HomePageTest@3327bd23]" name="SetUp" is-config="true" duration-ms="4001" started-at="2020-06-29T06:59:37Z" finished-at="2020-06-29T06:59:41Z">
          <reporter-output>
          </reporter-output>
        </test-method> <!-- SetUp -->
        <test-method status="PASS" signature="FooterLiTest()[pri:0, instance:R_tests.R_HomePageTest@3327bd23]" name="FooterLiTest" duration-ms="6054" started-at="2020-06-29T06:59:41Z" finished-at="2020-06-29T06:59:47Z">
          <reporter-output>
          </reporter-output>
        </test-method> <!-- FooterLiTest -->
        <test-method status="PASS" signature="tearDown()[pri:0, instance:R_tests.R_HomePageTest@3327bd23]" name="tearDown" is-config="true" duration-ms="272" started-at="2020-06-29T06:59:47Z" finished-at="2020-06-29T06:59:47Z">
          <reporter-output>
          </reporter-output>
        </test-method> <!-- tearDown -->
        <test-method status="PASS" signature="SetUp()[pri:0, instance:R_tests.R_HomePageTest@3327bd23]" name="SetUp" is-config="true" duration-ms="3985" started-at="2020-06-29T06:59:47Z" finished-at="2020-06-29T06:59:51Z">
          <reporter-output>
          </reporter-output>
        </test-method> <!-- SetUp -->
        <test-method status="PASS" signature="FooterTwTest()[pri:0, instance:R_tests.R_HomePageTest@3327bd23]" name="FooterTwTest" duration-ms="6131" started-at="2020-06-29T06:59:51Z" finished-at="2020-06-29T06:59:57Z">
          <reporter-output>
          </reporter-output>
        </test-method> <!-- FooterTwTest -->
        <test-method status="PASS" signature="tearDown()[pri:0, instance:R_tests.R_HomePageTest@3327bd23]" name="tearDown" is-config="true" duration-ms="342" started-at="2020-06-29T06:59:57Z" finished-at="2020-06-29T06:59:58Z">
          <reporter-output>
          </reporter-output>
        </test-method> <!-- tearDown -->
        <test-method status="PASS" signature="SetUp()[pri:0, instance:R_tests.R_HomePageTest@3327bd23]" name="SetUp" is-config="true" duration-ms="4278" started-at="2020-06-29T06:59:58Z" finished-at="2020-06-29T07:00:02Z">
          <reporter-output>
          </reporter-output>
        </test-method> <!-- SetUp -->
        <test-method status="PASS" signature="FooterYoTest()[pri:0, instance:R_tests.R_HomePageTest@3327bd23]" name="FooterYoTest" duration-ms="6109" started-at="2020-06-29T07:00:02Z" finished-at="2020-06-29T07:00:08Z">
          <reporter-output>
          </reporter-output>
        </test-method> <!-- FooterYoTest -->
        <test-method status="PASS" signature="tearDown()[pri:0, instance:R_tests.R_HomePageTest@3327bd23]" name="tearDown" is-config="true" duration-ms="306" started-at="2020-06-29T07:00:08Z" finished-at="2020-06-29T07:00:08Z">
          <reporter-output>
          </reporter-output>
        </test-method> <!-- tearDown -->
        <test-method status="PASS" signature="SetUp()[pri:0, instance:R_tests.R_HomePageTest@3327bd23]" name="SetUp" is-config="true" duration-ms="3867" started-at="2020-06-29T07:00:08Z" finished-at="2020-06-29T07:00:12Z">
          <reporter-output>
          </reporter-output>
        </test-method> <!-- SetUp -->
        <test-method status="PASS" signature="HeaderFbTest()[pri:0, instance:R_tests.R_HomePageTest@3327bd23]" name="HeaderFbTest" duration-ms="6155" started-at="2020-06-29T07:00:12Z" finished-at="2020-06-29T07:00:18Z">
          <reporter-output>
          </reporter-output>
        </test-method> <!-- HeaderFbTest -->
        <test-method status="PASS" signature="tearDown()[pri:0, instance:R_tests.R_HomePageTest@3327bd23]" name="tearDown" is-config="true" duration-ms="347" started-at="2020-06-29T07:00:18Z" finished-at="2020-06-29T07:00:19Z">
          <reporter-output>
          </reporter-output>
        </test-method> <!-- tearDown -->
        <test-method status="PASS" signature="SetUp()[pri:0, instance:R_tests.R_HomePageTest@3327bd23]" name="SetUp" is-config="true" duration-ms="4149" started-at="2020-06-29T07:00:19Z" finished-at="2020-06-29T07:00:23Z">
          <reporter-output>
          </reporter-output>
        </test-method> <!-- SetUp -->
        <test-method status="PASS" signature="HeaderInTest()[pri:0, instance:R_tests.R_HomePageTest@3327bd23]" name="HeaderInTest" duration-ms="6152" started-at="2020-06-29T07:00:23Z" finished-at="2020-06-29T07:00:29Z">
          <reporter-output>
          </reporter-output>
        </test-method> <!-- HeaderInTest -->
        <test-method status="PASS" signature="tearDown()[pri:0, instance:R_tests.R_HomePageTest@3327bd23]" name="tearDown" is-config="true" duration-ms="286" started-at="2020-06-29T07:00:29Z" finished-at="2020-06-29T07:00:29Z">
          <reporter-output>
          </reporter-output>
        </test-method> <!-- tearDown -->
        <test-method status="PASS" signature="SetUp()[pri:0, instance:R_tests.R_HomePageTest@3327bd23]" name="SetUp" is-config="true" duration-ms="3908" started-at="2020-06-29T07:00:29Z" finished-at="2020-06-29T07:00:33Z">
          <reporter-output>
          </reporter-output>
        </test-method> <!-- SetUp -->
        <test-method status="PASS" signature="HeaderLiTest()[pri:0, instance:R_tests.R_HomePageTest@3327bd23]" name="HeaderLiTest" duration-ms="6104" started-at="2020-06-29T07:00:33Z" finished-at="2020-06-29T07:00:39Z">
          <reporter-output>
          </reporter-output>
        </test-method> <!-- HeaderLiTest -->
        <test-method status="PASS" signature="tearDown()[pri:0, instance:R_tests.R_HomePageTest@3327bd23]" name="tearDown" is-config="true" duration-ms="268" started-at="2020-06-29T07:00:39Z" finished-at="2020-06-29T07:00:40Z">
          <reporter-output>
          </reporter-output>
        </test-method> <!-- tearDown -->
        <test-method status="PASS" signature="SetUp()[pri:0, instance:R_tests.R_HomePageTest@3327bd23]" name="SetUp" is-config="true" duration-ms="3862" started-at="2020-06-29T07:00:40Z" finished-at="2020-06-29T07:00:44Z">
          <reporter-output>
          </reporter-output>
        </test-method> <!-- SetUp -->
        <test-method status="PASS" signature="HeaderTwTest()[pri:0, instance:R_tests.R_HomePageTest@3327bd23]" name="HeaderTwTest" duration-ms="6151" started-at="2020-06-29T07:00:44Z" finished-at="2020-06-29T07:00:50Z">
          <reporter-output>
          </reporter-output>
        </test-method> <!-- HeaderTwTest -->
        <test-method status="PASS" signature="tearDown()[pri:0, instance:R_tests.R_HomePageTest@3327bd23]" name="tearDown" is-config="true" duration-ms="355" started-at="2020-06-29T07:00:50Z" finished-at="2020-06-29T07:00:50Z">
          <reporter-output>
          </reporter-output>
        </test-method> <!-- tearDown -->
        <test-method status="PASS" signature="SetUp()[pri:0, instance:R_tests.R_HomePageTest@3327bd23]" name="SetUp" is-config="true" duration-ms="3890" started-at="2020-06-29T07:00:50Z" finished-at="2020-06-29T07:00:54Z">
          <reporter-output>
          </reporter-output>
        </test-method> <!-- SetUp -->
        <test-method status="PASS" signature="HeaderYoTest()[pri:0, instance:R_tests.R_HomePageTest@3327bd23]" name="HeaderYoTest" duration-ms="6104" started-at="2020-06-29T07:00:54Z" finished-at="2020-06-29T07:01:00Z">
          <reporter-output>
          </reporter-output>
        </test-method> <!-- HeaderYoTest -->
        <test-method status="PASS" signature="tearDown()[pri:0, instance:R_tests.R_HomePageTest@3327bd23]" name="tearDown" is-config="true" duration-ms="305" started-at="2020-06-29T07:01:00Z" finished-at="2020-06-29T07:01:00Z">
          <reporter-output>
          </reporter-output>
        </test-method> <!-- tearDown -->
      </class> <!-- R_tests.R_HomePageTest -->
    </test> <!-- Default test -->
  </suite> <!-- Default suite -->
</testng-results>
