<?xml version="1.0" encoding="UTF-8"?>
<testng-results skipped="0" failed="2" ignored="0" total="37" passed="35">
  <reporter-output>
  </reporter-output>
  <suite name="Roicians Website Project" duration-ms="466311" started-at="2020-06-30T03:06:57 EDT" finished-at="2020-06-30T03:14:43 EDT">
    <groups>
    </groups>
    <test name="Roicians Test Cases" duration-ms="466311" started-at="2020-06-30T03:06:57 EDT" finished-at="2020-06-30T03:14:43 EDT">
      <class name="R_tests.R_HomePageTest">
        <test-method status="PASS" signature="SetUp()[pri:0, instance:R_tests.R_HomePageTest@c46bcd4]" name="SetUp" is-config="true" duration-ms="8450" started-at="2020-06-30T03:06:57 EDT" finished-at="2020-06-30T03:07:05 EDT">
          <reporter-output>
          </reporter-output>
        </test-method> <!-- SetUp -->
        <test-method status="PASS" signature="BodyCareerTest()[pri:0, instance:R_tests.R_HomePageTest@c46bcd4]" name="BodyCareerTest" duration-ms="3458" started-at="2020-06-30T03:07:05 EDT" finished-at="2020-06-30T03:07:09 EDT">
          <reporter-output>
          </reporter-output>
        </test-method> <!-- BodyCareerTest -->
        <test-method status="PASS" signature="tearDown()[pri:0, instance:R_tests.R_HomePageTest@c46bcd4]" name="tearDown" is-config="true" duration-ms="135" started-at="2020-06-30T03:07:09 EDT" finished-at="2020-06-30T03:07:09 EDT">
          <reporter-output>
          </reporter-output>
        </test-method> <!-- tearDown -->
        <test-method status="PASS" signature="SetUp()[pri:0, instance:R_tests.R_HomePageTest@c46bcd4]" name="SetUp" is-config="true" duration-ms="4649" started-at="2020-06-30T03:07:09 EDT" finished-at="2020-06-30T03:07:14 EDT">
          <reporter-output>
          </reporter-output>
        </test-method> <!-- SetUp -->
        <test-method status="PASS" signature="BodyContactUsTest()[pri:0, instance:R_tests.R_HomePageTest@c46bcd4]" name="BodyContactUsTest" duration-ms="4295" started-at="2020-06-30T03:07:14 EDT" finished-at="2020-06-30T03:07:18 EDT">
          <reporter-output>
          </reporter-output>
        </test-method> <!-- BodyContactUsTest -->
        <test-method status="PASS" signature="tearDown()[pri:0, instance:R_tests.R_HomePageTest@c46bcd4]" name="tearDown" is-config="true" duration-ms="159" started-at="2020-06-30T03:07:18 EDT" finished-at="2020-06-30T03:07:18 EDT">
          <reporter-output>
          </reporter-output>
        </test-method> <!-- tearDown -->
        <test-method status="PASS" signature="SetUp()[pri:0, instance:R_tests.R_HomePageTest@c46bcd4]" name="SetUp" is-config="true" duration-ms="4796" started-at="2020-06-30T03:07:18 EDT" finished-at="2020-06-30T03:07:23 EDT">
          <reporter-output>
          </reporter-output>
        </test-method> <!-- SetUp -->
        <test-method status="PASS" signature="BodyEventsTest()[pri:0, instance:R_tests.R_HomePageTest@c46bcd4]" name="BodyEventsTest" duration-ms="3856" started-at="2020-06-30T03:07:23 EDT" finished-at="2020-06-30T03:07:27 EDT">
          <reporter-output>
          </reporter-output>
        </test-method> <!-- BodyEventsTest -->
        <test-method status="PASS" signature="tearDown()[pri:0, instance:R_tests.R_HomePageTest@c46bcd4]" name="tearDown" is-config="true" duration-ms="145" started-at="2020-06-30T03:07:27 EDT" finished-at="2020-06-30T03:07:27 EDT">
          <reporter-output>
          </reporter-output>
        </test-method> <!-- tearDown -->
        <test-method status="PASS" signature="SetUp()[pri:0, instance:R_tests.R_HomePageTest@c46bcd4]" name="SetUp" is-config="true" duration-ms="4387" started-at="2020-06-30T03:07:27 EDT" finished-at="2020-06-30T03:07:31 EDT">
          <reporter-output>
          </reporter-output>
        </test-method> <!-- SetUp -->
        <test-method status="PASS" signature="BodyHoverITCTest()[pri:0, instance:R_tests.R_HomePageTest@c46bcd4]" name="BodyHoverITCTest" duration-ms="5106" started-at="2020-06-30T03:07:31 EDT" finished-at="2020-06-30T03:07:36 EDT">
          <reporter-output>
          </reporter-output>
        </test-method> <!-- BodyHoverITCTest -->
        <test-method status="PASS" signature="tearDown()[pri:0, instance:R_tests.R_HomePageTest@c46bcd4]" name="tearDown" is-config="true" duration-ms="133" started-at="2020-06-30T03:07:36 EDT" finished-at="2020-06-30T03:07:36 EDT">
          <reporter-output>
          </reporter-output>
        </test-method> <!-- tearDown -->
        <test-method status="PASS" signature="SetUp()[pri:0, instance:R_tests.R_HomePageTest@c46bcd4]" name="SetUp" is-config="true" duration-ms="4198" started-at="2020-06-30T03:07:36 EDT" finished-at="2020-06-30T03:07:41 EDT">
          <reporter-output>
          </reporter-output>
        </test-method> <!-- SetUp -->
        <test-method status="PASS" signature="BodyHoverSTTest()[pri:0, instance:R_tests.R_HomePageTest@c46bcd4]" name="BodyHoverSTTest" duration-ms="5060" started-at="2020-06-30T03:07:41 EDT" finished-at="2020-06-30T03:07:46 EDT">
          <reporter-output>
          </reporter-output>
        </test-method> <!-- BodyHoverSTTest -->
        <test-method status="PASS" signature="tearDown()[pri:0, instance:R_tests.R_HomePageTest@c46bcd4]" name="tearDown" is-config="true" duration-ms="129" started-at="2020-06-30T03:07:46 EDT" finished-at="2020-06-30T03:07:46 EDT">
          <reporter-output>
          </reporter-output>
        </test-method> <!-- tearDown -->
        <test-method status="PASS" signature="SetUp()[pri:0, instance:R_tests.R_HomePageTest@c46bcd4]" name="SetUp" is-config="true" duration-ms="4198" started-at="2020-06-30T03:07:46 EDT" finished-at="2020-06-30T03:07:50 EDT">
          <reporter-output>
          </reporter-output>
        </test-method> <!-- SetUp -->
        <test-method status="PASS" signature="BodyHoverTrainingTest()[pri:0, instance:R_tests.R_HomePageTest@c46bcd4]" name="BodyHoverTrainingTest" duration-ms="4783" started-at="2020-06-30T03:07:50 EDT" finished-at="2020-06-30T03:07:55 EDT">
          <reporter-output>
          </reporter-output>
        </test-method> <!-- BodyHoverTrainingTest -->
        <test-method status="PASS" signature="tearDown()[pri:0, instance:R_tests.R_HomePageTest@c46bcd4]" name="tearDown" is-config="true" duration-ms="130" started-at="2020-06-30T03:07:55 EDT" finished-at="2020-06-30T03:07:55 EDT">
          <reporter-output>
          </reporter-output>
        </test-method> <!-- tearDown -->
        <test-method status="PASS" signature="SetUp()[pri:0, instance:R_tests.R_HomePageTest@c46bcd4]" name="SetUp" is-config="true" duration-ms="4350" started-at="2020-06-30T03:07:55 EDT" finished-at="2020-06-30T03:07:59 EDT">
          <reporter-output>
          </reporter-output>
        </test-method> <!-- SetUp -->
        <test-method status="PASS" signature="BodyHoverWDDTest()[pri:0, instance:R_tests.R_HomePageTest@c46bcd4]" name="BodyHoverWDDTest" duration-ms="4994" started-at="2020-06-30T03:07:59 EDT" finished-at="2020-06-30T03:08:04 EDT">
          <reporter-output>
          </reporter-output>
        </test-method> <!-- BodyHoverWDDTest -->
        <test-method status="PASS" signature="tearDown()[pri:0, instance:R_tests.R_HomePageTest@c46bcd4]" name="tearDown" is-config="true" duration-ms="169" started-at="2020-06-30T03:08:04 EDT" finished-at="2020-06-30T03:08:04 EDT">
          <reporter-output>
          </reporter-output>
        </test-method> <!-- tearDown -->
        <test-method status="PASS" signature="SetUp()[pri:0, instance:R_tests.R_HomePageTest@c46bcd4]" name="SetUp" is-config="true" duration-ms="4406" started-at="2020-06-30T03:08:04 EDT" finished-at="2020-06-30T03:08:09 EDT">
          <reporter-output>
          </reporter-output>
        </test-method> <!-- SetUp -->
        <test-method status="PASS" signature="BodyMoreAboutUsTest()[pri:0, instance:R_tests.R_HomePageTest@c46bcd4]" name="BodyMoreAboutUsTest" duration-ms="3470" started-at="2020-06-30T03:08:09 EDT" finished-at="2020-06-30T03:08:12 EDT">
          <reporter-output>
          </reporter-output>
        </test-method> <!-- BodyMoreAboutUsTest -->
        <test-method status="PASS" signature="tearDown()[pri:0, instance:R_tests.R_HomePageTest@c46bcd4]" name="tearDown" is-config="true" duration-ms="141" started-at="2020-06-30T03:08:12 EDT" finished-at="2020-06-30T03:08:12 EDT">
          <reporter-output>
          </reporter-output>
        </test-method> <!-- tearDown -->
        <test-method status="PASS" signature="SetUp()[pri:0, instance:R_tests.R_HomePageTest@c46bcd4]" name="SetUp" is-config="true" duration-ms="4387" started-at="2020-06-30T03:08:12 EDT" finished-at="2020-06-30T03:08:17 EDT">
          <reporter-output>
          </reporter-output>
        </test-method> <!-- SetUp -->
        <test-method status="PASS" signature="BodyServicesTest()[pri:0, instance:R_tests.R_HomePageTest@c46bcd4]" name="BodyServicesTest" duration-ms="3474" started-at="2020-06-30T03:08:17 EDT" finished-at="2020-06-30T03:08:20 EDT">
          <reporter-output>
          </reporter-output>
        </test-method> <!-- BodyServicesTest -->
        <test-method status="PASS" signature="tearDown()[pri:0, instance:R_tests.R_HomePageTest@c46bcd4]" name="tearDown" is-config="true" duration-ms="130" started-at="2020-06-30T03:08:20 EDT" finished-at="2020-06-30T03:08:20 EDT">
          <reporter-output>
          </reporter-output>
        </test-method> <!-- tearDown -->
        <test-method status="PASS" signature="SetUp()[pri:0, instance:R_tests.R_HomePageTest@c46bcd4]" name="SetUp" is-config="true" duration-ms="4152" started-at="2020-06-30T03:08:20 EDT" finished-at="2020-06-30T03:08:25 EDT">
          <reporter-output>
          </reporter-output>
        </test-method> <!-- SetUp -->
        <test-method status="PASS" signature="BodyTrainingTest()[pri:0, instance:R_tests.R_HomePageTest@c46bcd4]" name="BodyTrainingTest" duration-ms="3503" started-at="2020-06-30T03:08:25 EDT" finished-at="2020-06-30T03:08:28 EDT">
          <reporter-output>
          </reporter-output>
        </test-method> <!-- BodyTrainingTest -->
        <test-method status="PASS" signature="tearDown()[pri:0, instance:R_tests.R_HomePageTest@c46bcd4]" name="tearDown" is-config="true" duration-ms="140" started-at="2020-06-30T03:08:28 EDT" finished-at="2020-06-30T03:08:28 EDT">
          <reporter-output>
          </reporter-output>
        </test-method> <!-- tearDown -->
        <test-method status="PASS" signature="SetUp()[pri:0, instance:R_tests.R_HomePageTest@c46bcd4]" name="SetUp" is-config="true" duration-ms="4066" started-at="2020-06-30T03:08:28 EDT" finished-at="2020-06-30T03:08:32 EDT">
          <reporter-output>
          </reporter-output>
        </test-method> <!-- SetUp -->
        <test-method status="PASS" signature="CareerTest()[pri:0, instance:R_tests.R_HomePageTest@c46bcd4]" name="CareerTest" duration-ms="3620" started-at="2020-06-30T03:08:32 EDT" finished-at="2020-06-30T03:08:36 EDT">
          <reporter-output>
          </reporter-output>
        </test-method> <!-- CareerTest -->
        <test-method status="PASS" signature="tearDown()[pri:0, instance:R_tests.R_HomePageTest@c46bcd4]" name="tearDown" is-config="true" duration-ms="119" started-at="2020-06-30T03:08:36 EDT" finished-at="2020-06-30T03:08:36 EDT">
          <reporter-output>
          </reporter-output>
        </test-method> <!-- tearDown -->
        <test-method status="PASS" signature="SetUp()[pri:0, instance:R_tests.R_HomePageTest@c46bcd4]" name="SetUp" is-config="true" duration-ms="4160" started-at="2020-06-30T03:08:36 EDT" finished-at="2020-06-30T03:08:40 EDT">
          <reporter-output>
          </reporter-output>
        </test-method> <!-- SetUp -->
        <test-method status="PASS" signature="EmailTest1()[pri:0, instance:R_tests.R_HomePageTest@c46bcd4]" name="EmailTest1" duration-ms="4445" started-at="2020-06-30T03:08:40 EDT" finished-at="2020-06-30T03:08:45 EDT">
          <reporter-output>
          </reporter-output>
        </test-method> <!-- EmailTest1 -->
        <test-method status="PASS" signature="tearDown()[pri:0, instance:R_tests.R_HomePageTest@c46bcd4]" name="tearDown" is-config="true" duration-ms="136" started-at="2020-06-30T03:08:45 EDT" finished-at="2020-06-30T03:08:45 EDT">
          <reporter-output>
          </reporter-output>
        </test-method> <!-- tearDown -->
        <test-method status="PASS" signature="SetUp()[pri:0, instance:R_tests.R_HomePageTest@c46bcd4]" name="SetUp" is-config="true" duration-ms="4081" started-at="2020-06-30T03:08:45 EDT" finished-at="2020-06-30T03:08:49 EDT">
          <reporter-output>
          </reporter-output>
        </test-method> <!-- SetUp -->
        <test-method status="PASS" signature="EmailTest2()[pri:0, instance:R_tests.R_HomePageTest@c46bcd4]" name="EmailTest2" duration-ms="4369" started-at="2020-06-30T03:08:49 EDT" finished-at="2020-06-30T03:08:53 EDT">
          <reporter-output>
          </reporter-output>
        </test-method> <!-- EmailTest2 -->
        <test-method status="PASS" signature="tearDown()[pri:0, instance:R_tests.R_HomePageTest@c46bcd4]" name="tearDown" is-config="true" duration-ms="130" started-at="2020-06-30T03:08:53 EDT" finished-at="2020-06-30T03:08:53 EDT">
          <reporter-output>
          </reporter-output>
        </test-method> <!-- tearDown -->
        <test-method status="PASS" signature="SetUp()[pri:0, instance:R_tests.R_HomePageTest@c46bcd4]" name="SetUp" is-config="true" duration-ms="4094" started-at="2020-06-30T03:08:53 EDT" finished-at="2020-06-30T03:08:57 EDT">
          <reporter-output>
          </reporter-output>
        </test-method> <!-- SetUp -->
        <test-method status="PASS" signature="EmailTest3()[pri:0, instance:R_tests.R_HomePageTest@c46bcd4]" name="EmailTest3" duration-ms="4506" started-at="2020-06-30T03:08:57 EDT" finished-at="2020-06-30T03:09:02 EDT">
          <reporter-output>
          </reporter-output>
        </test-method> <!-- EmailTest3 -->
        <test-method status="PASS" signature="tearDown()[pri:0, instance:R_tests.R_HomePageTest@c46bcd4]" name="tearDown" is-config="true" duration-ms="126" started-at="2020-06-30T03:09:02 EDT" finished-at="2020-06-30T03:09:02 EDT">
          <reporter-output>
          </reporter-output>
        </test-method> <!-- tearDown -->
        <test-method status="PASS" signature="SetUp()[pri:0, instance:R_tests.R_HomePageTest@c46bcd4]" name="SetUp" is-config="true" duration-ms="4247" started-at="2020-06-30T03:09:02 EDT" finished-at="2020-06-30T03:09:06 EDT">
          <reporter-output>
          </reporter-output>
        </test-method> <!-- SetUp -->
        <test-method status="PASS" signature="EnquireNowTest()[pri:0, instance:R_tests.R_HomePageTest@c46bcd4]" name="EnquireNowTest" duration-ms="4015" started-at="2020-06-30T03:09:06 EDT" finished-at="2020-06-30T03:09:10 EDT">
          <reporter-output>
          </reporter-output>
        </test-method> <!-- EnquireNowTest -->
        <test-method status="PASS" signature="tearDown()[pri:0, instance:R_tests.R_HomePageTest@c46bcd4]" name="tearDown" is-config="true" duration-ms="137" started-at="2020-06-30T03:09:10 EDT" finished-at="2020-06-30T03:09:10 EDT">
          <reporter-output>
          </reporter-output>
        </test-method> <!-- tearDown -->
        <test-method status="PASS" signature="SetUp()[pri:0, instance:R_tests.R_HomePageTest@c46bcd4]" name="SetUp" is-config="true" duration-ms="4139" started-at="2020-06-30T03:09:10 EDT" finished-at="2020-06-30T03:09:15 EDT">
          <reporter-output>
          </reporter-output>
        </test-method> <!-- SetUp -->
        <test-method status="PASS" signature="EventLeftTest()[pri:0, instance:R_tests.R_HomePageTest@c46bcd4]" name="EventLeftTest" duration-ms="5047" started-at="2020-06-30T03:09:15 EDT" finished-at="2020-06-30T03:09:20 EDT">
          <reporter-output>
          </reporter-output>
        </test-method> <!-- EventLeftTest -->
        <test-method status="PASS" signature="tearDown()[pri:0, instance:R_tests.R_HomePageTest@c46bcd4]" name="tearDown" is-config="true" duration-ms="143" started-at="2020-06-30T03:09:20 EDT" finished-at="2020-06-30T03:09:20 EDT">
          <reporter-output>
          </reporter-output>
        </test-method> <!-- tearDown -->
        <test-method status="PASS" signature="SetUp()[pri:0, instance:R_tests.R_HomePageTest@c46bcd4]" name="SetUp" is-config="true" duration-ms="4215" started-at="2020-06-30T03:09:20 EDT" finished-at="2020-06-30T03:09:24 EDT">
          <reporter-output>
          </reporter-output>
        </test-method> <!-- SetUp -->
        <test-method status="PASS" signature="EventRightTest()[pri:0, instance:R_tests.R_HomePageTest@c46bcd4]" name="EventRightTest" duration-ms="5059" started-at="2020-06-30T03:09:24 EDT" finished-at="2020-06-30T03:09:29 EDT">
          <reporter-output>
          </reporter-output>
        </test-method> <!-- EventRightTest -->
        <test-method status="PASS" signature="tearDown()[pri:0, instance:R_tests.R_HomePageTest@c46bcd4]" name="tearDown" is-config="true" duration-ms="152" started-at="2020-06-30T03:09:29 EDT" finished-at="2020-06-30T03:09:29 EDT">
          <reporter-output>
          </reporter-output>
        </test-method> <!-- tearDown -->
        <test-method status="PASS" signature="SetUp()[pri:0, instance:R_tests.R_HomePageTest@c46bcd4]" name="SetUp" is-config="true" duration-ms="4385" started-at="2020-06-30T03:09:29 EDT" finished-at="2020-06-30T03:09:34 EDT">
          <reporter-output>
          </reporter-output>
        </test-method> <!-- SetUp -->
        <test-method status="PASS" signature="FooterFbTest()[pri:0, instance:R_tests.R_HomePageTest@c46bcd4]" name="FooterFbTest" duration-ms="6153" started-at="2020-06-30T03:09:34 EDT" finished-at="2020-06-30T03:09:40 EDT">
          <reporter-output>
          </reporter-output>
        </test-method> <!-- FooterFbTest -->
        <test-method status="PASS" signature="tearDown()[pri:0, instance:R_tests.R_HomePageTest@c46bcd4]" name="tearDown" is-config="true" duration-ms="213" started-at="2020-06-30T03:09:40 EDT" finished-at="2020-06-30T03:09:40 EDT">
          <reporter-output>
          </reporter-output>
        </test-method> <!-- tearDown -->
        <test-method status="PASS" signature="SetUp()[pri:0, instance:R_tests.R_HomePageTest@c46bcd4]" name="SetUp" is-config="true" duration-ms="4384" started-at="2020-06-30T03:09:40 EDT" finished-at="2020-06-30T03:09:44 EDT">
          <reporter-output>
          </reporter-output>
        </test-method> <!-- SetUp -->
        <test-method status="PASS" signature="FooterInTest()[pri:0, instance:R_tests.R_HomePageTest@c46bcd4]" name="FooterInTest" duration-ms="6069" started-at="2020-06-30T03:09:44 EDT" finished-at="2020-06-30T03:09:50 EDT">
          <reporter-output>
          </reporter-output>
        </test-method> <!-- FooterInTest -->
        <test-method status="PASS" signature="tearDown()[pri:0, instance:R_tests.R_HomePageTest@c46bcd4]" name="tearDown" is-config="true" duration-ms="184" started-at="2020-06-30T03:09:50 EDT" finished-at="2020-06-30T03:09:51 EDT">
          <reporter-output>
          </reporter-output>
        </test-method> <!-- tearDown -->
        <test-method status="PASS" signature="SetUp()[pri:0, instance:R_tests.R_HomePageTest@c46bcd4]" name="SetUp" is-config="true" duration-ms="4168" started-at="2020-06-30T03:09:51 EDT" finished-at="2020-06-30T03:09:55 EDT">
          <reporter-output>
          </reporter-output>
        </test-method> <!-- SetUp -->
        <test-method status="PASS" signature="FooterLiTest()[pri:0, instance:R_tests.R_HomePageTest@c46bcd4]" name="FooterLiTest" duration-ms="6049" started-at="2020-06-30T03:09:55 EDT" finished-at="2020-06-30T03:10:01 EDT">
          <reporter-output>
          </reporter-output>
        </test-method> <!-- FooterLiTest -->
        <test-method status="PASS" signature="tearDown()[pri:0, instance:R_tests.R_HomePageTest@c46bcd4]" name="tearDown" is-config="true" duration-ms="173" started-at="2020-06-30T03:10:01 EDT" finished-at="2020-06-30T03:10:01 EDT">
          <reporter-output>
          </reporter-output>
        </test-method> <!-- tearDown -->
        <test-method status="PASS" signature="SetUp()[pri:0, instance:R_tests.R_HomePageTest@c46bcd4]" name="SetUp" is-config="true" duration-ms="4127" started-at="2020-06-30T03:10:01 EDT" finished-at="2020-06-30T03:10:05 EDT">
          <reporter-output>
          </reporter-output>
        </test-method> <!-- SetUp -->
        <test-method status="PASS" signature="FooterReadTest()[pri:0, instance:R_tests.R_HomePageTest@c46bcd4]" name="FooterReadTest" duration-ms="3434" started-at="2020-06-30T03:10:05 EDT" finished-at="2020-06-30T03:10:09 EDT">
          <reporter-output>
          </reporter-output>
        </test-method> <!-- FooterReadTest -->
        <test-method status="PASS" signature="tearDown()[pri:0, instance:R_tests.R_HomePageTest@c46bcd4]" name="tearDown" is-config="true" duration-ms="136" started-at="2020-06-30T03:10:09 EDT" finished-at="2020-06-30T03:10:09 EDT">
          <reporter-output>
          </reporter-output>
        </test-method> <!-- tearDown -->
        <test-method status="PASS" signature="SetUp()[pri:0, instance:R_tests.R_HomePageTest@c46bcd4]" name="SetUp" is-config="true" duration-ms="4184" started-at="2020-06-30T03:10:09 EDT" finished-at="2020-06-30T03:10:13 EDT">
          <reporter-output>
          </reporter-output>
        </test-method> <!-- SetUp -->
        <test-method status="PASS" signature="FooterTwTest()[pri:0, instance:R_tests.R_HomePageTest@c46bcd4]" name="FooterTwTest" duration-ms="6130" started-at="2020-06-30T03:10:13 EDT" finished-at="2020-06-30T03:10:19 EDT">
          <reporter-output>
          </reporter-output>
        </test-method> <!-- FooterTwTest -->
        <test-method status="PASS" signature="tearDown()[pri:0, instance:R_tests.R_HomePageTest@c46bcd4]" name="tearDown" is-config="true" duration-ms="229" started-at="2020-06-30T03:10:19 EDT" finished-at="2020-06-30T03:10:19 EDT">
          <reporter-output>
          </reporter-output>
        </test-method> <!-- tearDown -->
        <test-method status="PASS" signature="SetUp()[pri:0, instance:R_tests.R_HomePageTest@c46bcd4]" name="SetUp" is-config="true" duration-ms="4143" started-at="2020-06-30T03:10:19 EDT" finished-at="2020-06-30T03:10:23 EDT">
          <reporter-output>
          </reporter-output>
        </test-method> <!-- SetUp -->
        <test-method status="PASS" signature="FooterYoTest()[pri:0, instance:R_tests.R_HomePageTest@c46bcd4]" name="FooterYoTest" duration-ms="6103" started-at="2020-06-30T03:10:23 EDT" finished-at="2020-06-30T03:10:30 EDT">
          <reporter-output>
          </reporter-output>
        </test-method> <!-- FooterYoTest -->
        <test-method status="PASS" signature="tearDown()[pri:0, instance:R_tests.R_HomePageTest@c46bcd4]" name="tearDown" is-config="true" duration-ms="190" started-at="2020-06-30T03:10:30 EDT" finished-at="2020-06-30T03:10:30 EDT">
          <reporter-output>
          </reporter-output>
        </test-method> <!-- tearDown -->
        <test-method status="PASS" signature="SetUp()[pri:0, instance:R_tests.R_HomePageTest@c46bcd4]" name="SetUp" is-config="true" duration-ms="4136" started-at="2020-06-30T03:10:30 EDT" finished-at="2020-06-30T03:10:34 EDT">
          <reporter-output>
          </reporter-output>
        </test-method> <!-- SetUp -->
        <test-method status="PASS" signature="HeaderFbTest()[pri:0, instance:R_tests.R_HomePageTest@c46bcd4]" name="HeaderFbTest" duration-ms="6068" started-at="2020-06-30T03:10:34 EDT" finished-at="2020-06-30T03:10:40 EDT">
          <reporter-output>
          </reporter-output>
        </test-method> <!-- HeaderFbTest -->
        <test-method status="PASS" signature="tearDown()[pri:0, instance:R_tests.R_HomePageTest@c46bcd4]" name="tearDown" is-config="true" duration-ms="208" started-at="2020-06-30T03:10:40 EDT" finished-at="2020-06-30T03:10:40 EDT">
          <reporter-output>
          </reporter-output>
        </test-method> <!-- tearDown -->
        <test-method status="PASS" signature="SetUp()[pri:0, instance:R_tests.R_HomePageTest@c46bcd4]" name="SetUp" is-config="true" duration-ms="4324" started-at="2020-06-30T03:10:40 EDT" finished-at="2020-06-30T03:10:44 EDT">
          <reporter-output>
          </reporter-output>
        </test-method> <!-- SetUp -->
        <test-method status="PASS" signature="HeaderInTest()[pri:0, instance:R_tests.R_HomePageTest@c46bcd4]" name="HeaderInTest" duration-ms="6146" started-at="2020-06-30T03:10:44 EDT" finished-at="2020-06-30T03:10:51 EDT">
          <reporter-output>
          </reporter-output>
        </test-method> <!-- HeaderInTest -->
        <test-method status="PASS" signature="tearDown()[pri:0, instance:R_tests.R_HomePageTest@c46bcd4]" name="tearDown" is-config="true" duration-ms="193" started-at="2020-06-30T03:10:51 EDT" finished-at="2020-06-30T03:10:51 EDT">
          <reporter-output>
          </reporter-output>
        </test-method> <!-- tearDown -->
        <test-method status="PASS" signature="SetUp()[pri:0, instance:R_tests.R_HomePageTest@c46bcd4]" name="SetUp" is-config="true" duration-ms="4242" started-at="2020-06-30T03:10:51 EDT" finished-at="2020-06-30T03:10:55 EDT">
          <reporter-output>
          </reporter-output>
        </test-method> <!-- SetUp -->
        <test-method status="PASS" signature="HeaderLiTest()[pri:0, instance:R_tests.R_HomePageTest@c46bcd4]" name="HeaderLiTest" duration-ms="6148" started-at="2020-06-30T03:10:55 EDT" finished-at="2020-06-30T03:11:01 EDT">
          <reporter-output>
          </reporter-output>
        </test-method> <!-- HeaderLiTest -->
        <test-method status="PASS" signature="tearDown()[pri:0, instance:R_tests.R_HomePageTest@c46bcd4]" name="tearDown" is-config="true" duration-ms="178" started-at="2020-06-30T03:11:01 EDT" finished-at="2020-06-30T03:11:01 EDT">
          <reporter-output>
          </reporter-output>
        </test-method> <!-- tearDown -->
        <test-method status="PASS" signature="SetUp()[pri:0, instance:R_tests.R_HomePageTest@c46bcd4]" name="SetUp" is-config="true" duration-ms="4143" started-at="2020-06-30T03:11:01 EDT" finished-at="2020-06-30T03:11:06 EDT">
          <reporter-output>
          </reporter-output>
        </test-method> <!-- SetUp -->
        <test-method status="PASS" signature="HeaderTwTest()[pri:0, instance:R_tests.R_HomePageTest@c46bcd4]" name="HeaderTwTest" duration-ms="6165" started-at="2020-06-30T03:11:06 EDT" finished-at="2020-06-30T03:11:12 EDT">
          <reporter-output>
          </reporter-output>
        </test-method> <!-- HeaderTwTest -->
        <test-method status="PASS" signature="tearDown()[pri:0, instance:R_tests.R_HomePageTest@c46bcd4]" name="tearDown" is-config="true" duration-ms="245" started-at="2020-06-30T03:11:12 EDT" finished-at="2020-06-30T03:11:12 EDT">
          <reporter-output>
          </reporter-output>
        </test-method> <!-- tearDown -->
        <test-method status="PASS" signature="SetUp()[pri:0, instance:R_tests.R_HomePageTest@c46bcd4]" name="SetUp" is-config="true" duration-ms="4286" started-at="2020-06-30T03:11:12 EDT" finished-at="2020-06-30T03:11:16 EDT">
          <reporter-output>
          </reporter-output>
        </test-method> <!-- SetUp -->
        <test-method status="PASS" signature="HeaderYoTest()[pri:0, instance:R_tests.R_HomePageTest@c46bcd4]" name="HeaderYoTest" duration-ms="6151" started-at="2020-06-30T03:11:16 EDT" finished-at="2020-06-30T03:11:22 EDT">
          <reporter-output>
          </reporter-output>
        </test-method> <!-- HeaderYoTest -->
        <test-method status="PASS" signature="tearDown()[pri:0, instance:R_tests.R_HomePageTest@c46bcd4]" name="tearDown" is-config="true" duration-ms="197" started-at="2020-06-30T03:11:22 EDT" finished-at="2020-06-30T03:11:23 EDT">
          <reporter-output>
          </reporter-output>
        </test-method> <!-- tearDown -->
        <test-method status="PASS" signature="SetUp()[pri:0, instance:R_tests.R_HomePageTest@c46bcd4]" name="SetUp" is-config="true" duration-ms="4274" started-at="2020-06-30T03:11:23 EDT" finished-at="2020-06-30T03:11:27 EDT">
          <reporter-output>
          </reporter-output>
        </test-method> <!-- SetUp -->
        <test-method status="PASS" signature="HomePageTitleTest()[pri:0, instance:R_tests.R_HomePageTest@c46bcd4]" name="HomePageTitleTest" duration-ms="67" started-at="2020-06-30T03:11:27 EDT" finished-at="2020-06-30T03:11:27 EDT">
          <reporter-output>
          </reporter-output>
        </test-method> <!-- HomePageTitleTest -->
        <test-method status="PASS" signature="tearDown()[pri:0, instance:R_tests.R_HomePageTest@c46bcd4]" name="tearDown" is-config="true" duration-ms="154" started-at="2020-06-30T03:11:27 EDT" finished-at="2020-06-30T03:11:27 EDT">
          <reporter-output>
          </reporter-output>
        </test-method> <!-- tearDown -->
        <test-method status="PASS" signature="SetUp()[pri:0, instance:R_tests.R_HomePageTest@c46bcd4]" name="SetUp" is-config="true" duration-ms="4039" started-at="2020-06-30T03:11:27 EDT" finished-at="2020-06-30T03:11:31 EDT">
          <reporter-output>
          </reporter-output>
        </test-method> <!-- SetUp -->
        <test-method status="FAIL" signature="OtherLeftTest()[pri:0, instance:R_tests.R_HomePageTest@c46bcd4]" name="OtherLeftTest" duration-ms="30836" started-at="2020-06-30T03:11:31 EDT" finished-at="2020-06-30T03:12:02 EDT">
          <exception class="org.openqa.selenium.NoSuchElementException">
            <message>
              <![CDATA[no such element: Unable to locate element: {"method":"xpath","selector":"//div[@class='owl-carousel-4col appendHtml owl-nav-top owl-carousel owl-theme owl-loaded']//div[@class='owl-prev']"}
  (Session info: chrome=83.0.4103.116)
For documentation on this error, please visit: https://www.seleniumhq.org/exceptions/no_such_element.html
Build info: version: '3.141.59', revision: 'e82be7d358', time: '2018-11-14T08:17:03'
System info: host: 'Dhruvs-Air', ip: 'fe80:0:0:0:10a4:cf01:33f4:1086%en0', os.name: 'Mac OS X', os.arch: 'x86_64', os.version: '10.15.5', java.version: '1.8.0_231'
Driver info: org.openqa.selenium.chrome.ChromeDriver
Capabilities {acceptInsecureCerts: false, browserName: chrome, browserVersion: 83.0.4103.116, chrome: {chromedriverVersion: 83.0.4103.39 (ccbf011cb2d2b..., userDataDir: /var/folders/ft/qmvsvdsx79j...}, goog:chromeOptions: {debuggerAddress: localhost:58204}, javascriptEnabled: true, networkConnectionEnabled: false, pageLoadStrategy: normal, platform: MAC, platformName: MAC, proxy: Proxy(), setWindowRect: true, strictFileInteractability: false, timeouts: {implicit: 0, pageLoad: 300000, script: 30000}, unhandledPromptBehavior: dismiss and notify, webauthn:virtualAuthenticators: true}
Session ID: 34774992e7aafb4cfa7e70ecd42f98b2
*** Element info: {Using=xpath, value=//div[@class='owl-carousel-4col appendHtml owl-nav-top owl-carousel owl-theme owl-loaded']//div[@class='owl-prev']}]]>
            </message>
            <full-stacktrace>
              <![CDATA[org.openqa.selenium.NoSuchElementException: no such element: Unable to locate element: {"method":"xpath","selector":"//div[@class='owl-carousel-4col appendHtml owl-nav-top owl-carousel owl-theme owl-loaded']//div[@class='owl-prev']"}
  (Session info: chrome=83.0.4103.116)
For documentation on this error, please visit: https://www.seleniumhq.org/exceptions/no_such_element.html
Build info: version: '3.141.59', revision: 'e82be7d358', time: '2018-11-14T08:17:03'
System info: host: 'Dhruvs-Air', ip: 'fe80:0:0:0:10a4:cf01:33f4:1086%en0', os.name: 'Mac OS X', os.arch: 'x86_64', os.version: '10.15.5', java.version: '1.8.0_231'
Driver info: org.openqa.selenium.chrome.ChromeDriver
Capabilities {acceptInsecureCerts: false, browserName: chrome, browserVersion: 83.0.4103.116, chrome: {chromedriverVersion: 83.0.4103.39 (ccbf011cb2d2b..., userDataDir: /var/folders/ft/qmvsvdsx79j...}, goog:chromeOptions: {debuggerAddress: localhost:58204}, javascriptEnabled: true, networkConnectionEnabled: false, pageLoadStrategy: normal, platform: MAC, platformName: MAC, proxy: Proxy(), setWindowRect: true, strictFileInteractability: false, timeouts: {implicit: 0, pageLoad: 300000, script: 30000}, unhandledPromptBehavior: dismiss and notify, webauthn:virtualAuthenticators: true}
Session ID: 34774992e7aafb4cfa7e70ecd42f98b2
*** Element info: {Using=xpath, value=//div[@class='owl-carousel-4col appendHtml owl-nav-top owl-carousel owl-theme owl-loaded']//div[@class='owl-prev']}
at sun.reflect.NativeConstructorAccessorImpl.newInstance0(Native Method)
at sun.reflect.NativeConstructorAccessorImpl.newInstance(NativeConstructorAccessorImpl.java:62)
at sun.reflect.DelegatingConstructorAccessorImpl.newInstance(DelegatingConstructorAccessorImpl.java:45)
at java.lang.reflect.Constructor.newInstance(Constructor.java:423)
at org.openqa.selenium.remote.http.W3CHttpResponseCodec.createException(W3CHttpResponseCodec.java:187)
at org.openqa.selenium.remote.http.W3CHttpResponseCodec.decode(W3CHttpResponseCodec.java:122)
at org.openqa.selenium.remote.http.W3CHttpResponseCodec.decode(W3CHttpResponseCodec.java:49)
at org.openqa.selenium.remote.HttpCommandExecutor.execute(HttpCommandExecutor.java:158)
at org.openqa.selenium.remote.service.DriverCommandExecutor.execute(DriverCommandExecutor.java:83)
at org.openqa.selenium.remote.RemoteWebDriver.execute(RemoteWebDriver.java:552)
at org.openqa.selenium.remote.RemoteWebDriver.findElement(RemoteWebDriver.java:323)
at org.openqa.selenium.remote.RemoteWebDriver.findElementByXPath(RemoteWebDriver.java:428)
at org.openqa.selenium.By$ByXPath.findElement(By.java:353)
at org.openqa.selenium.remote.RemoteWebDriver.findElement(RemoteWebDriver.java:315)
at sun.reflect.GeneratedMethodAccessor5.invoke(Unknown Source)
at sun.reflect.DelegatingMethodAccessorImpl.invoke(DelegatingMethodAccessorImpl.java:43)
at java.lang.reflect.Method.invoke(Method.java:498)
at org.openqa.selenium.support.events.EventFiringWebDriver.lambda$new$1(EventFiringWebDriver.java:105)
at com.sun.proxy.$Proxy7.findElement(Unknown Source)
at org.openqa.selenium.support.events.EventFiringWebDriver.findElement(EventFiringWebDriver.java:194)
at org.openqa.selenium.support.pagefactory.DefaultElementLocator.findElement(DefaultElementLocator.java:69)
at org.openqa.selenium.support.pagefactory.internal.LocatingElementHandler.invoke(LocatingElementHandler.java:38)
at com.sun.proxy.$Proxy11.click(Unknown Source)
at R_pages.R_HomePage.verifyOtherLeft(R_HomePage.java:361)
at R_tests.R_HomePageTest.OtherLeftTest(R_HomePageTest.java:147)
at sun.reflect.NativeMethodAccessorImpl.invoke0(Native Method)
at sun.reflect.NativeMethodAccessorImpl.invoke(NativeMethodAccessorImpl.java:62)
at sun.reflect.DelegatingMethodAccessorImpl.invoke(DelegatingMethodAccessorImpl.java:43)
at java.lang.reflect.Method.invoke(Method.java:498)
at org.testng.internal.MethodInvocationHelper.invokeMethod(MethodInvocationHelper.java:133)
at org.testng.internal.TestInvoker.invokeMethod(TestInvoker.java:584)
at org.testng.internal.TestInvoker.invokeTestMethod(TestInvoker.java:172)
at org.testng.internal.MethodRunner.runInSequence(MethodRunner.java:46)
at org.testng.internal.TestInvoker$MethodInvocationAgent.invoke(TestInvoker.java:804)
at org.testng.internal.TestInvoker.invokeTestMethods(TestInvoker.java:145)
at org.testng.internal.TestMethodWorker.invokeTestMethods(TestMethodWorker.java:146)
at org.testng.internal.TestMethodWorker.run(TestMethodWorker.java:128)
at java.util.ArrayList.forEach(ArrayList.java:1257)
at org.testng.TestRunner.privateRun(TestRunner.java:770)
at org.testng.TestRunner.run(TestRunner.java:591)
at org.testng.SuiteRunner.runTest(SuiteRunner.java:402)
at org.testng.SuiteRunner.runSequentially(SuiteRunner.java:396)
at org.testng.SuiteRunner.privateRun(SuiteRunner.java:355)
at org.testng.SuiteRunner.run(SuiteRunner.java:304)
at org.testng.SuiteRunnerWorker.runSuite(SuiteRunnerWorker.java:53)
at org.testng.SuiteRunnerWorker.run(SuiteRunnerWorker.java:96)
at org.testng.TestNG.runSuitesSequentially(TestNG.java:1180)
at org.testng.TestNG.runSuitesLocally(TestNG.java:1102)
at org.testng.TestNG.runSuites(TestNG.java:1032)
at org.testng.TestNG.run(TestNG.java:1000)
at org.testng.remote.AbstractRemoteTestNG.run(AbstractRemoteTestNG.java:115)
at org.testng.remote.RemoteTestNG.initAndRun(RemoteTestNG.java:251)
at org.testng.remote.RemoteTestNG.main(RemoteTestNG.java:77)
]]>
            </full-stacktrace>
          </exception> <!-- org.openqa.selenium.NoSuchElementException -->
          <reporter-output>
          </reporter-output>
        </test-method> <!-- OtherLeftTest -->
        <test-method status="PASS" signature="tearDown()[pri:0, instance:R_tests.R_HomePageTest@c46bcd4]" name="tearDown" is-config="true" duration-ms="142" started-at="2020-06-30T03:12:02 EDT" finished-at="2020-06-30T03:12:02 EDT">
          <reporter-output>
          </reporter-output>
        </test-method> <!-- tearDown -->
        <test-method status="PASS" signature="SetUp()[pri:0, instance:R_tests.R_HomePageTest@c46bcd4]" name="SetUp" is-config="true" duration-ms="5094" started-at="2020-06-30T03:12:02 EDT" finished-at="2020-06-30T03:12:07 EDT">
          <reporter-output>
          </reporter-output>
        </test-method> <!-- SetUp -->
        <test-method status="FAIL" signature="OtherRightTest()[pri:0, instance:R_tests.R_HomePageTest@c46bcd4]" name="OtherRightTest" duration-ms="30764" started-at="2020-06-30T03:12:07 EDT" finished-at="2020-06-30T03:12:38 EDT">
          <exception class="org.openqa.selenium.NoSuchElementException">
            <message>
              <![CDATA[no such element: Unable to locate element: {"method":"xpath","selector":"//div[@class='owl-carousel-4col appendHtml owl-nav-top owl-carousel owl-theme owl-loaded']//div[@class='owl-next']"}
  (Session info: chrome=83.0.4103.116)
For documentation on this error, please visit: https://www.seleniumhq.org/exceptions/no_such_element.html
Build info: version: '3.141.59', revision: 'e82be7d358', time: '2018-11-14T08:17:03'
System info: host: 'Dhruvs-Air', ip: 'fe80:0:0:0:10a4:cf01:33f4:1086%en0', os.name: 'Mac OS X', os.arch: 'x86_64', os.version: '10.15.5', java.version: '1.8.0_231'
Driver info: org.openqa.selenium.chrome.ChromeDriver
Capabilities {acceptInsecureCerts: false, browserName: chrome, browserVersion: 83.0.4103.116, chrome: {chromedriverVersion: 83.0.4103.39 (ccbf011cb2d2b..., userDataDir: /var/folders/ft/qmvsvdsx79j...}, goog:chromeOptions: {debuggerAddress: localhost:58366}, javascriptEnabled: true, networkConnectionEnabled: false, pageLoadStrategy: normal, platform: MAC, platformName: MAC, proxy: Proxy(), setWindowRect: true, strictFileInteractability: false, timeouts: {implicit: 0, pageLoad: 300000, script: 30000}, unhandledPromptBehavior: dismiss and notify, webauthn:virtualAuthenticators: true}
Session ID: 3c89f4c95ff49a912b973b1386677db9
*** Element info: {Using=xpath, value=//div[@class='owl-carousel-4col appendHtml owl-nav-top owl-carousel owl-theme owl-loaded']//div[@class='owl-next']}]]>
            </message>
            <full-stacktrace>
              <![CDATA[org.openqa.selenium.NoSuchElementException: no such element: Unable to locate element: {"method":"xpath","selector":"//div[@class='owl-carousel-4col appendHtml owl-nav-top owl-carousel owl-theme owl-loaded']//div[@class='owl-next']"}
  (Session info: chrome=83.0.4103.116)
For documentation on this error, please visit: https://www.seleniumhq.org/exceptions/no_such_element.html
Build info: version: '3.141.59', revision: 'e82be7d358', time: '2018-11-14T08:17:03'
System info: host: 'Dhruvs-Air', ip: 'fe80:0:0:0:10a4:cf01:33f4:1086%en0', os.name: 'Mac OS X', os.arch: 'x86_64', os.version: '10.15.5', java.version: '1.8.0_231'
Driver info: org.openqa.selenium.chrome.ChromeDriver
Capabilities {acceptInsecureCerts: false, browserName: chrome, browserVersion: 83.0.4103.116, chrome: {chromedriverVersion: 83.0.4103.39 (ccbf011cb2d2b..., userDataDir: /var/folders/ft/qmvsvdsx79j...}, goog:chromeOptions: {debuggerAddress: localhost:58366}, javascriptEnabled: true, networkConnectionEnabled: false, pageLoadStrategy: normal, platform: MAC, platformName: MAC, proxy: Proxy(), setWindowRect: true, strictFileInteractability: false, timeouts: {implicit: 0, pageLoad: 300000, script: 30000}, unhandledPromptBehavior: dismiss and notify, webauthn:virtualAuthenticators: true}
Session ID: 3c89f4c95ff49a912b973b1386677db9
*** Element info: {Using=xpath, value=//div[@class='owl-carousel-4col appendHtml owl-nav-top owl-carousel owl-theme owl-loaded']//div[@class='owl-next']}
at sun.reflect.NativeConstructorAccessorImpl.newInstance0(Native Method)
at sun.reflect.NativeConstructorAccessorImpl.newInstance(NativeConstructorAccessorImpl.java:62)
at sun.reflect.DelegatingConstructorAccessorImpl.newInstance(DelegatingConstructorAccessorImpl.java:45)
at java.lang.reflect.Constructor.newInstance(Constructor.java:423)
at org.openqa.selenium.remote.http.W3CHttpResponseCodec.createException(W3CHttpResponseCodec.java:187)
at org.openqa.selenium.remote.http.W3CHttpResponseCodec.decode(W3CHttpResponseCodec.java:122)
at org.openqa.selenium.remote.http.W3CHttpResponseCodec.decode(W3CHttpResponseCodec.java:49)
at org.openqa.selenium.remote.HttpCommandExecutor.execute(HttpCommandExecutor.java:158)
at org.openqa.selenium.remote.service.DriverCommandExecutor.execute(DriverCommandExecutor.java:83)
at org.openqa.selenium.remote.RemoteWebDriver.execute(RemoteWebDriver.java:552)
at org.openqa.selenium.remote.RemoteWebDriver.findElement(RemoteWebDriver.java:323)
at org.openqa.selenium.remote.RemoteWebDriver.findElementByXPath(RemoteWebDriver.java:428)
at org.openqa.selenium.By$ByXPath.findElement(By.java:353)
at org.openqa.selenium.remote.RemoteWebDriver.findElement(RemoteWebDriver.java:315)
at sun.reflect.GeneratedMethodAccessor5.invoke(Unknown Source)
at sun.reflect.DelegatingMethodAccessorImpl.invoke(DelegatingMethodAccessorImpl.java:43)
at java.lang.reflect.Method.invoke(Method.java:498)
at org.openqa.selenium.support.events.EventFiringWebDriver.lambda$new$1(EventFiringWebDriver.java:105)
at com.sun.proxy.$Proxy7.findElement(Unknown Source)
at org.openqa.selenium.support.events.EventFiringWebDriver.findElement(EventFiringWebDriver.java:194)
at org.openqa.selenium.support.pagefactory.DefaultElementLocator.findElement(DefaultElementLocator.java:69)
at org.openqa.selenium.support.pagefactory.internal.LocatingElementHandler.invoke(LocatingElementHandler.java:38)
at com.sun.proxy.$Proxy11.click(Unknown Source)
at R_pages.R_HomePage.verifyOtherRight(R_HomePage.java:369)
at R_tests.R_HomePageTest.OtherRightTest(R_HomePageTest.java:152)
at sun.reflect.NativeMethodAccessorImpl.invoke0(Native Method)
at sun.reflect.NativeMethodAccessorImpl.invoke(NativeMethodAccessorImpl.java:62)
at sun.reflect.DelegatingMethodAccessorImpl.invoke(DelegatingMethodAccessorImpl.java:43)
at java.lang.reflect.Method.invoke(Method.java:498)
at org.testng.internal.MethodInvocationHelper.invokeMethod(MethodInvocationHelper.java:133)
at org.testng.internal.TestInvoker.invokeMethod(TestInvoker.java:584)
at org.testng.internal.TestInvoker.invokeTestMethod(TestInvoker.java:172)
at org.testng.internal.MethodRunner.runInSequence(MethodRunner.java:46)
at org.testng.internal.TestInvoker$MethodInvocationAgent.invoke(TestInvoker.java:804)
at org.testng.internal.TestInvoker.invokeTestMethods(TestInvoker.java:145)
at org.testng.internal.TestMethodWorker.invokeTestMethods(TestMethodWorker.java:146)
at org.testng.internal.TestMethodWorker.run(TestMethodWorker.java:128)
at java.util.ArrayList.forEach(ArrayList.java:1257)
at org.testng.TestRunner.privateRun(TestRunner.java:770)
at org.testng.TestRunner.run(TestRunner.java:591)
at org.testng.SuiteRunner.runTest(SuiteRunner.java:402)
at org.testng.SuiteRunner.runSequentially(SuiteRunner.java:396)
at org.testng.SuiteRunner.privateRun(SuiteRunner.java:355)
at org.testng.SuiteRunner.run(SuiteRunner.java:304)
at org.testng.SuiteRunnerWorker.runSuite(SuiteRunnerWorker.java:53)
at org.testng.SuiteRunnerWorker.run(SuiteRunnerWorker.java:96)
at org.testng.TestNG.runSuitesSequentially(TestNG.java:1180)
at org.testng.TestNG.runSuitesLocally(TestNG.java:1102)
at org.testng.TestNG.runSuites(TestNG.java:1032)
at org.testng.TestNG.run(TestNG.java:1000)
at org.testng.remote.AbstractRemoteTestNG.run(AbstractRemoteTestNG.java:115)
at org.testng.remote.RemoteTestNG.initAndRun(RemoteTestNG.java:251)
at org.testng.remote.RemoteTestNG.main(RemoteTestNG.java:77)
]]>
            </full-stacktrace>
          </exception> <!-- org.openqa.selenium.NoSuchElementException -->
          <reporter-output>
          </reporter-output>
        </test-method> <!-- OtherRightTest -->
        <test-method status="PASS" signature="tearDown()[pri:0, instance:R_tests.R_HomePageTest@c46bcd4]" name="tearDown" is-config="true" duration-ms="139" started-at="2020-06-30T03:12:38 EDT" finished-at="2020-06-30T03:12:38 EDT">
          <reporter-output>
          </reporter-output>
        </test-method> <!-- tearDown -->
        <test-method status="PASS" signature="SetUp()[pri:0, instance:R_tests.R_HomePageTest@c46bcd4]" name="SetUp" is-config="true" duration-ms="4220" started-at="2020-06-30T03:12:38 EDT" finished-at="2020-06-30T03:12:42 EDT">
          <reporter-output>
          </reporter-output>
        </test-method> <!-- SetUp -->
        <test-method status="PASS" signature="VideoLeftTest()[pri:0, instance:R_tests.R_HomePageTest@c46bcd4]" name="VideoLeftTest" duration-ms="5036" started-at="2020-06-30T03:12:42 EDT" finished-at="2020-06-30T03:12:47 EDT">
          <reporter-output>
          </reporter-output>
        </test-method> <!-- VideoLeftTest -->
        <test-method status="PASS" signature="tearDown()[pri:0, instance:R_tests.R_HomePageTest@c46bcd4]" name="tearDown" is-config="true" duration-ms="140" started-at="2020-06-30T03:12:47 EDT" finished-at="2020-06-30T03:12:47 EDT">
          <reporter-output>
          </reporter-output>
        </test-method> <!-- tearDown -->
        <test-method status="PASS" signature="SetUp()[pri:0, instance:R_tests.R_HomePageTest@c46bcd4]" name="SetUp" is-config="true" duration-ms="4132" started-at="2020-06-30T03:12:47 EDT" finished-at="2020-06-30T03:12:52 EDT">
          <reporter-output>
          </reporter-output>
        </test-method> <!-- SetUp -->
        <test-method status="PASS" signature="VideoRightTest()[pri:0, instance:R_tests.R_HomePageTest@c46bcd4]" name="VideoRightTest" duration-ms="5065" started-at="2020-06-30T03:12:52 EDT" finished-at="2020-06-30T03:12:57 EDT">
          <reporter-output>
          </reporter-output>
        </test-method> <!-- VideoRightTest -->
        <test-method status="PASS" signature="tearDown()[pri:0, instance:R_tests.R_HomePageTest@c46bcd4]" name="tearDown" is-config="true" duration-ms="141" started-at="2020-06-30T03:12:57 EDT" finished-at="2020-06-30T03:12:57 EDT">
          <reporter-output>
          </reporter-output>
        </test-method> <!-- tearDown -->
        <test-method status="PASS" signature="SetUp()[pri:0, instance:R_tests.R_HomePageTest@c46bcd4]" name="SetUp" is-config="true" duration-ms="4133" started-at="2020-06-30T03:12:57 EDT" finished-at="2020-06-30T03:13:01 EDT">
          <reporter-output>
          </reporter-output>
        </test-method> <!-- SetUp -->
        <test-method status="PASS" signature="WhoWeAreTest()[pri:0, instance:R_tests.R_HomePageTest@c46bcd4]" name="WhoWeAreTest" duration-ms="3648" started-at="2020-06-30T03:13:01 EDT" finished-at="2020-06-30T03:13:05 EDT">
          <reporter-output>
          </reporter-output>
        </test-method> <!-- WhoWeAreTest -->
        <test-method status="PASS" signature="tearDown()[pri:0, instance:R_tests.R_HomePageTest@c46bcd4]" name="tearDown" is-config="true" duration-ms="154" started-at="2020-06-30T03:13:05 EDT" finished-at="2020-06-30T03:13:05 EDT">
          <reporter-output>
          </reporter-output>
        </test-method> <!-- tearDown -->
        <test-method status="PASS" signature="SetUp()[pri:0, instance:R_tests.R_HomePageTest@c46bcd4]" name="SetUp" is-config="true" duration-ms="4558" started-at="2020-06-30T03:13:05 EDT" finished-at="2020-06-30T03:13:09 EDT">
          <reporter-output>
          </reporter-output>
        </test-method> <!-- SetUp -->
        <test-method status="PASS" signature="logoTest()[pri:0, instance:R_tests.R_HomePageTest@c46bcd4]" name="logoTest" duration-ms="3828" started-at="2020-06-30T03:13:09 EDT" finished-at="2020-06-30T03:13:13 EDT">
          <reporter-output>
          </reporter-output>
        </test-method> <!-- logoTest -->
        <test-method status="PASS" signature="tearDown()[pri:0, instance:R_tests.R_HomePageTest@c46bcd4]" name="tearDown" is-config="true" duration-ms="140" started-at="2020-06-30T03:13:13 EDT" finished-at="2020-06-30T03:13:13 EDT">
          <reporter-output>
          </reporter-output>
        </test-method> <!-- tearDown -->
      </class> <!-- R_tests.R_HomePageTest -->
      <class name="R_tests.R_CareerTest">
        <test-method status="PASS" signature="SetUp()[pri:0, instance:R_tests.R_CareerTest@3d921e20]" name="SetUp" is-config="true" duration-ms="8024" started-at="2020-06-30T03:14:05 EDT" finished-at="2020-06-30T03:14:13 EDT">
          <reporter-output>
          </reporter-output>
        </test-method> <!-- SetUp -->
        <test-method status="PASS" signature="validCareerFormTest()[pri:0, instance:R_tests.R_CareerTest@3d921e20]" name="validCareerFormTest" duration-ms="29461" started-at="2020-06-30T03:14:13 EDT" finished-at="2020-06-30T03:14:43 EDT">
          <reporter-output>
          </reporter-output>
        </test-method> <!-- validCareerFormTest -->
        <test-method status="PASS" signature="tearDown()[pri:0, instance:R_tests.R_CareerTest@3d921e20]" name="tearDown" is-config="true" duration-ms="128" started-at="2020-06-30T03:14:43 EDT" finished-at="2020-06-30T03:14:43 EDT">
          <reporter-output>
          </reporter-output>
        </test-method> <!-- tearDown -->
      </class> <!-- R_tests.R_CareerTest -->
      <class name="R_tests.R_EnquireNowTest">
        <test-method status="PASS" signature="SetUp()[pri:0, instance:R_tests.R_EnquireNowTest@3234e239]" name="SetUp" is-config="true" duration-ms="7715" started-at="2020-06-30T03:13:13 EDT" finished-at="2020-06-30T03:13:21 EDT">
          <reporter-output>
          </reporter-output>
        </test-method> <!-- SetUp -->
        <test-method status="PASS" signature="validEnquireNowFormTest()[pri:0, instance:R_tests.R_EnquireNowTest@3234e239]" name="validEnquireNowFormTest" duration-ms="44323" started-at="2020-06-30T03:13:21 EDT" finished-at="2020-06-30T03:14:05 EDT">
          <reporter-output>
          </reporter-output>
        </test-method> <!-- validEnquireNowFormTest -->
        <test-method status="PASS" signature="tearDown()[pri:0, instance:R_tests.R_EnquireNowTest@3234e239]" name="tearDown" is-config="true" duration-ms="134" started-at="2020-06-30T03:14:05 EDT" finished-at="2020-06-30T03:14:05 EDT">
          <reporter-output>
          </reporter-output>
        </test-method> <!-- tearDown -->
      </class> <!-- R_tests.R_EnquireNowTest -->
    </test> <!-- Roicians Test Cases -->
  </suite> <!-- Roicians Website Project -->
</testng-results>
